<?xml version="1.0" encoding="UTF-8"?>
<!-- Generated by org.testng.reporters.JUnitReportReporter -->
<testsuite hostname="STARK" failures="0" tests="2" name="Runners.BaseTestNGRunner" time="16.787" errors="0" timestamp="2025-06-01T23:32:58 IST" skipped="0">
  <testcase classname="Runners.BaseTestNGRunner" name="runScenario" time="6.734"/>
  <testcase classname="Runners.BaseTestNGRunner" name="runScenario" time="10.053"/>
</testsuite> <!-- Runners.BaseTestNGRunner -->
