<?xml version="1.0" encoding="UTF-8"?>
<!-- Generated by org.testng.reporters.JUnitReportReporter -->
<testsuite hostname="STARK" failures="0" tests="2" name="Runners.TestNGRunner" time="11.302" errors="0" timestamp="2025-06-01T23:14:28 IST" skipped="0">
  <testcase classname="Runners.TestNGRunner" name="runScenario" time="2.969"/>
  <testcase classname="Runners.TestNGRunner" name="runScenario" time="8.333"/>
</testsuite> <!-- Runners.TestNGRunner -->
