<?xml version="1.0" encoding="UTF-8"?>
<!-- Generated by org.testng.reporters.JUnitReportReporter -->
<testsuite hostname="STARK" failures="0" tests="2" name="Runners.TestNGRunner" time="10.948" errors="0" timestamp="2025-09-15T19:17:18 IST" skipped="0">
  <testcase classname="Runners.TestNGRunner" name="runScenario" time="7.327"/>
  <testcase classname="Runners.TestNGRunner" name="runScenario" time="3.621"/>
</testsuite> <!-- Runners.TestNGRunner -->
