<?xml version="1.0" encoding="UTF-8"?>
<!-- Generated by org.testng.reporters.JUnitReportReporter -->
<testsuite hostname="STARK" failures="0" tests="1" name="Runners.TestNGRunner" time="4.217" errors="0" timestamp="2025-05-26T01:56:16 IST" skipped="0">
  <testcase classname="Runners.TestNGRunner" name="runScenario" time="4.217"/>
</testsuite> <!-- Runners.TestNGRunner -->
