<?xml version="1.0" encoding="UTF-8"?>
<!-- Generated by org.testng.reporters.JUnitReportReporter -->
<testsuite hostname="STARK" failures="0" tests="4" name="Runners.TestNGRunner" time="31.892" errors="0" timestamp="2025-06-11T23:14:04 IST" skipped="0">
  <testcase classname="Runners.TestNGRunner" name="runScenario" time="10.088"/>
  <testcase classname="Runners.TestNGRunner" name="runScenario" time="7.650"/>
  <testcase classname="Runners.TestNGRunner" name="runScenario" time="5.588"/>
  <testcase classname="Runners.TestNGRunner" name="runScenario" time="8.566"/>
</testsuite> <!-- Runners.TestNGRunner -->
