<?xml version="1.0" encoding="UTF-8"?>
<!-- Generated by org.testng.reporters.JUnitReportReporter -->
<testsuite hostname="STARK" failures="0" tests="2" name="Runners.BaseTestNGRunner" time="13.152" errors="0" timestamp="2025-06-01T23:16:17 IST" skipped="0">
  <testcase classname="Runners.BaseTestNGRunner" name="runScenario" time="10.156"/>
  <testcase classname="Runners.BaseTestNGRunner" name="runScenario" time="2.996"/>
</testsuite> <!-- Runners.BaseTestNGRunner -->
