<?xml version="1.0" encoding="UTF-8"?>
<!-- Generated by org.testng.reporters.JUnitReportReporter -->
<testsuite hostname="STARK" failures="0" tests="4" name="Runners.BaseTestNGRunner" time="32.011" errors="0" timestamp="2025-09-15T19:04:10 IST" skipped="0">
  <testcase classname="Runners.BaseTestNGRunner" name="runScenario" time="7.269"/>
  <testcase classname="Runners.BaseTestNGRunner" name="runScenario" time="8.570"/>
  <testcase classname="Runners.BaseTestNGRunner" name="runScenario" time="8.158"/>
  <testcase classname="Runners.BaseTestNGRunner" name="runScenario" time="8.014"/>
</testsuite> <!-- Runners.BaseTestNGRunner -->
