<?xml version="1.0" encoding="UTF-8"?>
<!-- Generated by org.testng.reporters.JUnitReportReporter -->
<testsuite hostname="STARK" failures="0" tests="4" name="Runners.TestNGRunner" time="33.286" errors="0" timestamp="2025-06-12T00:01:12 IST" skipped="0">
  <testcase classname="Runners.TestNGRunner" name="runScenario" time="7.860"/>
  <testcase classname="Runners.TestNGRunner" name="runScenario" time="8.735"/>
  <testcase classname="Runners.TestNGRunner" name="runScenario" time="9.778"/>
  <testcase classname="Runners.TestNGRunner" name="runScenario" time="6.913"/>
</testsuite> <!-- Runners.TestNGRunner -->
