<?xml version="1.0" encoding="UTF-8"?>
<!-- Generated by org.testng.reporters.JUnitReportReporter -->
<testsuite hostname="STARK" failures="0" tests="1" name="Runners.TestNGRunner" time="13.025" errors="0" timestamp="2025-06-09T22:07:43 IST" skipped="0">
  <testcase classname="Runners.TestNGRunner" name="runScenario" time="13.025"/>
</testsuite> <!-- Runners.TestNGRunner -->
