<?xml version="1.0" encoding="UTF-8"?>
<!-- Generated by org.testng.reporters.JUnitReportReporter -->
<testsuite hostname="STARK" failures="0" tests="4" name="Runners.TestNGRunner" time="46.193" errors="0" timestamp="2025-06-23T19:05:19 IST" skipped="0">
  <testcase classname="Runners.TestNGRunner" name="runScenario" time="9.970"/>
  <testcase classname="Runners.TestNGRunner" name="runScenario" time="17.748"/>
  <testcase classname="Runners.TestNGRunner" name="runScenario" time="7.297"/>
  <testcase classname="Runners.TestNGRunner" name="runScenario" time="11.178"/>
</testsuite> <!-- Runners.TestNGRunner -->
