<?xml version="1.0" encoding="UTF-8"?>
<!-- Generated by org.testng.reporters.JUnitReportReporter -->
<testsuite hostname="STARK" failures="0" tests="1" name="Runners.TestNGRunner" time="6.036" errors="0" timestamp="2025-09-16T23:50:27 IST" skipped="0">
  <testcase classname="Runners.TestNGRunner" name="runScenario" time="6.036"/>
</testsuite> <!-- Runners.TestNGRunner -->
